This is XeTeX, Version 3.14159265-2.6-0.99998 (TeX Live 2017/Debian) (preloaded format=xelatex 2019.1.26)  14 MAR 2019 15:41
entering extended mode
 restricted \write18 enabled.
 %&-line parsing enabled.
**/home/khalid/Desktop/engineeringMathematics/tex/mathFirstOrderDifferentialEqu
ations.tex $

(/home/khalid/Desktop/engineeringMathematics/tex/mathFirstOrderDifferentialEqua
tions.tex
LaTeX2e <2017-04-15>
Babel <3.18> and hyphenation patterns for 84 language(s) loaded.
! Undefined control sequence.
l.1 \Ø¨Ø§Ø¨
           {ÛŒÚ© Ø±ØªØ¨ÛŒ Ø³Ø§Ø¯Û ØªÙØ±Ù‚ÛŒ Ù…Ø³Ø§ÙˆØ§Øª}\Ø´Ù†Ø§Ø®Øª{Ø¨Ø§Ø...

? 
! Emergency stop.
l.1 \Ø¨Ø§Ø¨
           {ÛŒÚ© Ø±ØªØ¨ÛŒ Ø³Ø§Ø¯Û ØªÙØ±Ù‚ÛŒ Ù…Ø³Ø§ÙˆØ§Øª}\Ø´Ù†Ø§Ø®Øª{Ø¨Ø§Ø...
End of file on the terminal!

 
Here is how much of TeX's memory you used:
 5 strings out of 493007
 296 string characters out of 6136719
 61824 words of memory out of 5000000
 4075 multiletter control sequences out of 15000+600000
 3640 words of font info for 14 fonts, out of 8000000 for 9000
 1348 hyphenation exceptions out of 8191
 5i,0n,1p,149b,8s stack positions out of 5000i,500n,10000p,200000b,80000s
No pages of output.
