This is XeTeX, Version 3.1415926-2.5-0.9999.3 (TeX Live 2013/Debian) (format=xelatex 2015.10.16)  26 AUG 2017 18:35
entering extended mode
 restricted \write18 enabled.
 %&-line parsing enabled.
**/home/khalid/Desktop/engineeringMathematics/tex/myUrduCommandsEMT.tex $
(/home/khalid/Desktop/engineeringMathematics/tex/myUrduCommandsEMT.tex
LaTeX2e <2011/06/27>
Babel <3.9h> and hyphenation patterns for 78 languages loaded.

! LaTeX Error: \indexname undefined.

See the LaTeX manual or LaTeX Companion for explanation.
Type  H <return>  for immediate help.
 ...                                              
                                                  
l.75 \renewcommand{\indexname}
                              {فرہنگ}        %apparently did nothing
? 
! Emergency stop.
 ...                                              
                                                  
l.75 \renewcommand{\indexname}
                              {فرہنگ}        %apparently did nothing
Try typing  <return>  to proceed.
If that doesn't work, type  X <return>  to quit.

 
Here is how much of TeX's memory you used:
 57 strings out of 493918
 681 string characters out of 6150562
 52172 words of memory out of 5000000
 3479 multiletter control sequences out of 15000+600000
 3640 words of font info for 14 fonts, out of 8000000 for 9000
 1144 hyphenation exceptions out of 8191
 7i,0n,6p,219b,14s stack positions out of 5000i,500n,10000p,200000b,80000s
No pages of output.
